0 info it worked if it ends with ok
1 verbose cli [ '/usr/local/bin/node', '/usr/local/bin/npm', 'install' ]
2 info using npm@1.4.28
3 info using node@v0.13.0-pre
4 verbose readDependencies using package.json deps
5 verbose install where, deps [ '/home/christos/CodeForGood/team-21',
5 verbose install   [ 'ejs', 'express', 'jade', 'socket.io' ] ]
6 info preinstall application-name@0.0.0
7 verbose readDependencies using package.json deps
8 verbose cache add [ 'ejs@^2.3.4', null ]
9 verbose cache add name=undefined spec="ejs@^2.3.4" args=["ejs@^2.3.4",null]
10 verbose parsed url { protocol: null,
10 verbose parsed url   slashes: null,
10 verbose parsed url   auth: null,
10 verbose parsed url   host: null,
10 verbose parsed url   port: null,
10 verbose parsed url   hostname: null,
10 verbose parsed url   hash: null,
10 verbose parsed url   search: null,
10 verbose parsed url   query: null,
10 verbose parsed url   pathname: 'ejs@%5E2.3.4',
10 verbose parsed url   path: 'ejs@%5E2.3.4',
10 verbose parsed url   href: 'ejs@%5E2.3.4' }
11 verbose cache add [ 'express@~3.2.6', null ]
12 verbose cache add name=undefined spec="express@~3.2.6" args=["express@~3.2.6",null]
13 verbose parsed url { protocol: null,
13 verbose parsed url   slashes: null,
13 verbose parsed url   auth: null,
13 verbose parsed url   host: null,
13 verbose parsed url   port: null,
13 verbose parsed url   hostname: null,
13 verbose parsed url   hash: null,
13 verbose parsed url   search: null,
13 verbose parsed url   query: null,
13 verbose parsed url   pathname: 'express@~3.2.6',
13 verbose parsed url   path: 'express@~3.2.6',
13 verbose parsed url   href: 'express@~3.2.6' }
14 verbose cache add [ 'jade@~0.31.2', null ]
15 verbose cache add name=undefined spec="jade@~0.31.2" args=["jade@~0.31.2",null]
16 verbose parsed url { protocol: null,
16 verbose parsed url   slashes: null,
16 verbose parsed url   auth: null,
16 verbose parsed url   host: null,
16 verbose parsed url   port: null,
16 verbose parsed url   hostname: null,
16 verbose parsed url   hash: null,
16 verbose parsed url   search: null,
16 verbose parsed url   query: null,
16 verbose parsed url   pathname: 'jade@~0.31.2',
16 verbose parsed url   path: 'jade@~0.31.2',
16 verbose parsed url   href: 'jade@~0.31.2' }
17 verbose cache add [ 'socket.io@~0.9.16', null ]
18 verbose cache add name=undefined spec="socket.io@~0.9.16" args=["socket.io@~0.9.16",null]
19 verbose parsed url { protocol: null,
19 verbose parsed url   slashes: null,
19 verbose parsed url   auth: null,
19 verbose parsed url   host: null,
19 verbose parsed url   port: null,
19 verbose parsed url   hostname: null,
19 verbose parsed url   hash: null,
19 verbose parsed url   search: null,
19 verbose parsed url   query: null,
19 verbose parsed url   pathname: 'socket.io@~0.9.16',
19 verbose parsed url   path: 'socket.io@~0.9.16',
19 verbose parsed url   href: 'socket.io@~0.9.16' }
20 verbose cache add name="ejs" spec="^2.3.4" args=["ejs","^2.3.4"]
21 verbose parsed url { protocol: null,
21 verbose parsed url   slashes: null,
21 verbose parsed url   auth: null,
21 verbose parsed url   host: null,
21 verbose parsed url   port: null,
21 verbose parsed url   hostname: null,
21 verbose parsed url   hash: null,
21 verbose parsed url   search: null,
21 verbose parsed url   query: null,
21 verbose parsed url   pathname: '%5E2.3.4',
21 verbose parsed url   path: '%5E2.3.4',
21 verbose parsed url   href: '%5E2.3.4' }
22 verbose addNamed [ 'ejs', '^2.3.4' ]
23 verbose addNamed [ null, '>=2.3.4-0 <3.0.0-0' ]
24 verbose cache add name="express" spec="~3.2.6" args=["express","~3.2.6"]
25 verbose parsed url { protocol: null,
25 verbose parsed url   slashes: null,
25 verbose parsed url   auth: null,
25 verbose parsed url   host: null,
25 verbose parsed url   port: null,
25 verbose parsed url   hostname: null,
25 verbose parsed url   hash: null,
25 verbose parsed url   search: null,
25 verbose parsed url   query: null,
25 verbose parsed url   pathname: '~3.2.6',
25 verbose parsed url   path: '~3.2.6',
25 verbose parsed url   href: '~3.2.6' }
26 verbose addNamed [ 'express', '~3.2.6' ]
27 verbose addNamed [ null, '>=3.2.6-0 <3.3.0-0' ]
28 verbose cache add name="jade" spec="~0.31.2" args=["jade","~0.31.2"]
29 verbose parsed url { protocol: null,
29 verbose parsed url   slashes: null,
29 verbose parsed url   auth: null,
29 verbose parsed url   host: null,
29 verbose parsed url   port: null,
29 verbose parsed url   hostname: null,
29 verbose parsed url   hash: null,
29 verbose parsed url   search: null,
29 verbose parsed url   query: null,
29 verbose parsed url   pathname: '~0.31.2',
29 verbose parsed url   path: '~0.31.2',
29 verbose parsed url   href: '~0.31.2' }
30 verbose addNamed [ 'jade', '~0.31.2' ]
31 verbose addNamed [ null, '>=0.31.2-0 <0.32.0-0' ]
32 verbose cache add name="socket.io" spec="~0.9.16" args=["socket.io","~0.9.16"]
33 verbose parsed url { protocol: null,
33 verbose parsed url   slashes: null,
33 verbose parsed url   auth: null,
33 verbose parsed url   host: null,
33 verbose parsed url   port: null,
33 verbose parsed url   hostname: null,
33 verbose parsed url   hash: null,
33 verbose parsed url   search: null,
33 verbose parsed url   query: null,
33 verbose parsed url   pathname: '~0.9.16',
33 verbose parsed url   path: '~0.9.16',
33 verbose parsed url   href: '~0.9.16' }
34 verbose addNamed [ 'socket.io', '~0.9.16' ]
35 verbose addNamed [ null, '>=0.9.16-0 <0.10.0-0' ]
36 silly lockFile 3bc190c9-ejs-2-3-4 ejs@^2.3.4
37 verbose lock ejs@^2.3.4 /home/christos/.npm/3bc190c9-ejs-2-3-4.lock
38 silly lockFile 0b14f64a-express-3-2-6 express@~3.2.6
39 verbose lock express@~3.2.6 /home/christos/.npm/0b14f64a-express-3-2-6.lock
40 silly lockFile 950216ff-jade-0-31-2 jade@~0.31.2
41 verbose lock jade@~0.31.2 /home/christos/.npm/950216ff-jade-0-31-2.lock
42 silly lockFile 673bedd6-socket-io-0-9-16 socket.io@~0.9.16
43 verbose lock socket.io@~0.9.16 /home/christos/.npm/673bedd6-socket-io-0-9-16.lock
44 silly addNameRange { name: 'ejs', range: '>=2.3.4-0 <3.0.0-0', hasData: false }
45 silly addNameRange { name: 'express', range: '>=3.2.6-0 <3.3.0-0', hasData: false }
46 silly addNameRange { name: 'jade', range: '>=0.31.2-0 <0.32.0-0', hasData: false }
47 silly addNameRange { name: 'socket.io',
47 silly addNameRange   range: '>=0.9.16-0 <0.10.0-0',
47 silly addNameRange   hasData: false }
48 verbose request where is /ejs
49 verbose request registry https://registry.npmjs.org/
50 verbose request id a2529ce2bff921c9
51 verbose url raw /ejs
52 verbose url resolving [ 'https://registry.npmjs.org/', './ejs' ]
53 verbose url resolved https://registry.npmjs.org/ejs
54 verbose request where is https://registry.npmjs.org/ejs
55 info trying registry request attempt 1 at 21:06:05
56 http GET https://registry.npmjs.org/ejs
57 verbose request where is /socket.io
58 verbose request registry https://registry.npmjs.org/
59 verbose url raw /socket.io
60 verbose url resolving [ 'https://registry.npmjs.org/', './socket.io' ]
61 verbose url resolved https://registry.npmjs.org/socket.io
62 verbose request where is https://registry.npmjs.org/socket.io
63 info trying registry request attempt 1 at 21:06:05
64 http GET https://registry.npmjs.org/socket.io
65 verbose request where is /jade
66 verbose request registry https://registry.npmjs.org/
67 verbose url raw /jade
68 verbose url resolving [ 'https://registry.npmjs.org/', './jade' ]
69 verbose url resolved https://registry.npmjs.org/jade
70 verbose request where is https://registry.npmjs.org/jade
71 info trying registry request attempt 1 at 21:06:05
72 verbose etag "742PGMCSFRKXCOHGUE2KXDEOH"
73 http GET https://registry.npmjs.org/jade
74 verbose request where is /express
75 verbose request registry https://registry.npmjs.org/
76 verbose url raw /express
77 verbose url resolving [ 'https://registry.npmjs.org/', './express' ]
78 verbose url resolved https://registry.npmjs.org/express
79 verbose request where is https://registry.npmjs.org/express
80 info trying registry request attempt 1 at 21:06:05
81 verbose etag "2LWB7C4OGVWCNT9NK2H7X1B6H"
82 http GET https://registry.npmjs.org/express
83 http 200 https://registry.npmjs.org/ejs
84 silly registry.get cb [ 200,
84 silly registry.get   { server: 'CouchDB/1.5.0 (Erlang OTP/R16B03)',
84 silly registry.get     etag: '"C4T8LR7ICLLVB7GIUP2SCMDBM"',
84 silly registry.get     'content-type': 'application/json',
84 silly registry.get     'cache-control': 'max-age=60',
84 silly registry.get     'content-length': '50215',
84 silly registry.get     'accept-ranges': 'bytes',
84 silly registry.get     date: 'Fri, 04 Dec 2015 21:06:05 GMT',
84 silly registry.get     via: '1.1 varnish',
84 silly registry.get     age: '54',
84 silly registry.get     connection: 'close',
84 silly registry.get     'x-served-by': 'cache-lhr6322-LHR',
84 silly registry.get     'x-cache': 'HIT',
84 silly registry.get     'x-cache-hits': '2',
84 silly registry.get     'x-timer': 'S1449263165.685059,VS0,VE0',
84 silly registry.get     vary: 'Accept' } ]
85 http 200 https://registry.npmjs.org/socket.io
86 silly registry.get cb [ 200,
86 silly registry.get   { server: 'CouchDB/1.5.0 (Erlang OTP/R16B03)',
86 silly registry.get     etag: '"21G4CBQPBU8R9LIFELO3MYB91"',
86 silly registry.get     'content-type': 'application/json',
86 silly registry.get     'cache-control': 'max-age=60',
86 silly registry.get     'content-length': '115791',
86 silly registry.get     'accept-ranges': 'bytes',
86 silly registry.get     date: 'Fri, 04 Dec 2015 21:06:05 GMT',
86 silly registry.get     via: '1.1 varnish',
86 silly registry.get     age: '31',
86 silly registry.get     connection: 'close',
86 silly registry.get     'x-served-by': 'cache-lhr6331-LHR',
86 silly registry.get     'x-cache': 'HIT',
86 silly registry.get     'x-cache-hits': '1',
86 silly registry.get     'x-timer': 'S1449263165.687162,VS0,VE0',
86 silly registry.get     vary: 'Accept' } ]
87 http 200 https://registry.npmjs.org/jade
88 silly registry.get cb [ 200,
88 silly registry.get   { server: 'CouchDB/1.5.0 (Erlang OTP/R16B03)',
88 silly registry.get     etag: '"33UJ2UABTPJ2K1H59ZEZ4UUC3"',
88 silly registry.get     'content-type': 'application/json',
88 silly registry.get     'cache-control': 'max-age=60',
88 silly registry.get     'content-length': '148137',
88 silly registry.get     'accept-ranges': 'bytes',
88 silly registry.get     date: 'Fri, 04 Dec 2015 21:06:05 GMT',
88 silly registry.get     via: '1.1 varnish',
88 silly registry.get     age: '30',
88 silly registry.get     connection: 'close',
88 silly registry.get     'x-served-by': 'cache-lhr6327-LHR',
88 silly registry.get     'x-cache': 'HIT',
88 silly registry.get     'x-cache-hits': '2',
88 silly registry.get     'x-timer': 'S1449263165.695737,VS0,VE0',
88 silly registry.get     vary: 'Accept' } ]
89 silly addNameRange number 2 { name: 'ejs', range: '>=2.3.4-0 <3.0.0-0', hasData: true }
90 silly addNameRange versions [ 'ejs',
90 silly addNameRange   [ '0.0.1',
90 silly addNameRange     '0.0.2',
90 silly addNameRange     '0.0.3',
90 silly addNameRange     '0.0.4',
90 silly addNameRange     '0.1.0',
90 silly addNameRange     '0.2.0',
90 silly addNameRange     '0.2.1',
90 silly addNameRange     '0.3.0',
90 silly addNameRange     '0.3.1',
90 silly addNameRange     '0.4.0',
90 silly addNameRange     '0.4.1',
90 silly addNameRange     '0.4.2',
90 silly addNameRange     '0.4.3',
90 silly addNameRange     '0.5.0',
90 silly addNameRange     '0.6.0',
90 silly addNameRange     '0.6.1',
90 silly addNameRange     '0.7.0',
90 silly addNameRange     '0.7.1',
90 silly addNameRange     '0.7.2',
90 silly addNameRange     '0.8.0',
90 silly addNameRange     '0.8.1',
90 silly addNameRange     '0.8.2',
90 silly addNameRange     '0.8.3',
90 silly addNameRange     '0.8.4',
90 silly addNameRange     '0.8.5',
90 silly addNameRange     '0.8.6',
90 silly addNameRange     '0.8.8',
90 silly addNameRange     '1.0.0',
90 silly addNameRange     '2.0.2',
90 silly addNameRange     '2.0.3',
90 silly addNameRange     '2.0.4',
90 silly addNameRange     '2.0.5',
90 silly addNameRange     '2.0.6',
90 silly addNameRange     '2.0.7',
90 silly addNameRange     '2.0.8',
90 silly addNameRange     '2.1.1',
90 silly addNameRange     '2.1.2',
90 silly addNameRange     '2.1.3',
90 silly addNameRange     '2.1.4',
90 silly addNameRange     '2.2.1',
90 silly addNameRange     '2.2.2',
90 silly addNameRange     '2.2.3',
90 silly addNameRange     '2.2.4',
90 silly addNameRange     '2.3.1',
90 silly addNameRange     '2.3.2',
90 silly addNameRange     '2.3.3',
90 silly addNameRange     '2.3.4' ] ]
91 verbose addNamed [ 'ejs', '2.3.4' ]
92 verbose addNamed [ '2.3.4', '2.3.4' ]
93 silly lockFile 7d57aeaf-ejs-2-3-4 ejs@2.3.4
94 verbose lock ejs@2.3.4 /home/christos/.npm/7d57aeaf-ejs-2-3-4.lock
95 silly addNameRange number 2 { name: 'socket.io',
95 silly addNameRange   range: '>=0.9.16-0 <0.10.0-0',
95 silly addNameRange   hasData: true }
96 silly addNameRange versions [ 'socket.io',
96 silly addNameRange   [ '0.3.8',
96 silly addNameRange     '0.4.0',
96 silly addNameRange     '0.4.1',
96 silly addNameRange     '0.5.1',
96 silly addNameRange     '0.5.3',
96 silly addNameRange     '0.6.0',
96 silly addNameRange     '0.6.1',
96 silly addNameRange     '0.6.3',
96 silly addNameRange     '0.6.4',
96 silly addNameRange     '0.6.5',
96 silly addNameRange     '0.6.6',
96 silly addNameRange     '0.6.7',
96 silly addNameRange     '0.6.8',
96 silly addNameRange     '0.6.9',
96 silly addNameRange     '0.6.10',
96 silly addNameRange     '0.6.11',
96 silly addNameRange     '0.6.12',
96 silly addNameRange     '0.6.14',
96 silly addNameRange     '0.6.15',
96 silly addNameRange     '0.6.16',
96 silly addNameRange     '0.6.17',
96 silly addNameRange     '0.6.18',
96 silly addNameRange     '0.7.0',
96 silly addNameRange     '0.7.1',
96 silly addNameRange     '0.7.2',
96 silly addNameRange     '0.7.3',
96 silly addNameRange     '0.7.4',
96 silly addNameRange     '0.7.5',
96 silly addNameRange     '0.7.6',
96 silly addNameRange     '0.7.7',
96 silly addNameRange     '0.7.8',
96 silly addNameRange     '0.7.9',
96 silly addNameRange     '0.7.10',
96 silly addNameRange     '0.7.11',
96 silly addNameRange     '0.8.0',
96 silly addNameRange     '0.8.1',
96 silly addNameRange     '0.8.2',
96 silly addNameRange     '0.8.3',
96 silly addNameRange     '0.8.4',
96 silly addNameRange     '0.8.5',
96 silly addNameRange     '0.8.6',
96 silly addNameRange     '0.8.7',
96 silly addNameRange     '0.9.0',
96 silly addNameRange     '0.9.1',
96 silly addNameRange     '0.9.1-1',
96 silly addNameRange     '0.9.2',
96 silly addNameRange     '0.9.3',
96 silly addNameRange     '0.9.4',
96 silly addNameRange     '0.9.5',
96 silly addNameRange     '0.9.6',
96 silly addNameRange     '0.9.7',
96 silly addNameRange     '0.9.8',
96 silly addNameRange     '0.9.9',
96 silly addNameRange     '0.9.10',
96 silly addNameRange     '0.9.11',
96 silly addNameRange     '0.9.12',
96 silly addNameRange     '0.9.13',
96 silly addNameRange     '0.9.14',
96 silly addNameRange     '0.9.15',
96 silly addNameRange     '0.9.16',
96 silly addNameRange     '1.0.0-pre',
96 silly addNameRange     '1.0.0-pre2',
96 silly addNameRange     '1.0.0-pre3',
96 silly addNameRange     '1.0.0-pre4',
96 silly addNameRange     '1.0.0-pre5',
96 silly addNameRange     '0.9.17',
96 silly addNameRange     '1.0.0',
96 silly addNameRange     '1.0.1',
96 silly addNameRange     '1.0.2',
96 silly addNameRange     '1.0.3',
96 silly addNameRange     '1.0.4',
96 silly addNameRange     '1.0.5',
96 silly addNameRange     '1.0.6',
96 silly addNameRange     '1.1.0',
96 silly addNameRange     '1.2.0',
96 silly addNameRange     '1.2.1',
96 silly addNameRange     '1.3.0',
96 silly addNameRange     '1.3.1',
96 silly addNameRange     '1.3.2',
96 silly addNameRange     '1.3.3',
96 silly addNameRange     '1.3.4',
96 silly addNameRange     '1.3.5',
96 silly addNameRange     '1.3.6',
96 silly addNameRange     '1.3.7' ] ]
97 verbose addNamed [ 'socket.io', '0.9.17' ]
98 verbose addNamed [ '0.9.17', '0.9.17' ]
99 silly lockFile 1593240a-socket-io-0-9-17 socket.io@0.9.17
100 verbose lock socket.io@0.9.17 /home/christos/.npm/1593240a-socket-io-0-9-17.lock
101 http 200 https://registry.npmjs.org/express
102 silly registry.get cb [ 200,
102 silly registry.get   { server: 'CouchDB/1.5.0 (Erlang OTP/R16B03)',
102 silly registry.get     etag: '"9TEM061V4JMLPAQV73LN3J0UE"',
102 silly registry.get     'content-type': 'application/json',
102 silly registry.get     'cache-control': 'max-age=60',
102 silly registry.get     'content-length': '528877',
102 silly registry.get     'accept-ranges': 'bytes',
102 silly registry.get     date: 'Fri, 04 Dec 2015 21:06:05 GMT',
102 silly registry.get     via: '1.1 varnish',
102 silly registry.get     age: '22',
102 silly registry.get     connection: 'close',
102 silly registry.get     'x-served-by': 'cache-lhr6326-LHR',
102 silly registry.get     'x-cache': 'HIT',
102 silly registry.get     'x-cache-hits': '1',
102 silly registry.get     'x-timer': 'S1449263165.705742,VS0,VE1',
102 silly registry.get     vary: 'Accept' } ]
103 silly lockFile 3c500350-stry-npmjs-org-ejs-ejs-2-3-4-tgz https://registry.npmjs.org/ejs/-/ejs-2.3.4.tgz
104 verbose lock https://registry.npmjs.org/ejs/-/ejs-2.3.4.tgz /home/christos/.npm/3c500350-stry-npmjs-org-ejs-ejs-2-3-4-tgz.lock
105 silly addNameRange number 2 { name: 'jade', range: '>=0.31.2-0 <0.32.0-0', hasData: true }
106 silly addNameRange versions [ 'jade',
106 silly addNameRange   [ '0.0.1',
106 silly addNameRange     '0.0.2',
106 silly addNameRange     '0.1.0',
106 silly addNameRange     '0.2.0',
106 silly addNameRange     '0.2.1',
106 silly addNameRange     '0.2.2',
106 silly addNameRange     '0.2.3',
106 silly addNameRange     '0.2.4',
106 silly addNameRange     '0.3.0',
106 silly addNameRange     '0.4.0',
106 silly addNameRange     '0.4.1',
106 silly addNameRange     '0.5.0',
106 silly addNameRange     '0.5.1',
106 silly addNameRange     '0.5.2',
106 silly addNameRange     '0.5.3',
106 silly addNameRange     '0.5.4',
106 silly addNameRange     '0.5.5',
106 silly addNameRange     '0.5.6',
106 silly addNameRange     '0.5.7',
106 silly addNameRange     '0.6.0',
106 silly addNameRange     '0.6.1',
106 silly addNameRange     '0.6.3',
106 silly addNameRange     '0.7.0',
106 silly addNameRange     '0.7.1',
106 silly addNameRange     '0.8.0',
106 silly addNameRange     '0.8.1',
106 silly addNameRange     '0.8.2',
106 silly addNameRange     '0.8.3',
106 silly addNameRange     '0.8.4',
106 silly addNameRange     '0.8.5',
106 silly addNameRange     '0.8.6',
106 silly addNameRange     '0.8.7',
106 silly addNameRange     '0.8.8',
106 silly addNameRange     '0.8.9',
106 silly addNameRange     '0.9.0',
106 silly addNameRange     '0.9.1',
106 silly addNameRange     '0.9.2',
106 silly addNameRange     '0.9.3',
106 silly addNameRange     '0.10.0',
106 silly addNameRange     '0.10.1',
106 silly addNameRange     '0.10.2',
106 silly addNameRange     '0.10.3',
106 silly addNameRange     '0.10.4',
106 silly addNameRange     '0.10.5',
106 silly addNameRange     '0.10.6',
106 silly addNameRange     '0.10.7',
106 silly addNameRange     '0.11.0',
106 silly addNameRange     '0.11.1',
106 silly addNameRange     '0.12.0',
106 silly addNameRange     '0.12.1',
106 silly addNameRange     '0.12.2',
106 silly addNameRange     '0.12.3',
106 silly addNameRange     '0.12.4',
106 silly addNameRange     '0.13.0',
106 silly addNameRange     '0.14.0',
106 silly addNameRange     '0.14.1',
106 silly addNameRange     '0.14.2',
106 silly addNameRange     '0.15.0',
106 silly addNameRange     '0.15.1',
106 silly addNameRange     '0.15.2',
106 silly addNameRange     '0.15.3',
106 silly addNameRange     '0.15.4',
106 silly addNameRange     '0.16.0',
106 silly addNameRange     '0.16.1',
106 silly addNameRange     '0.16.2',
106 silly addNameRange     '0.16.3',
106 silly addNameRange     '0.16.4',
106 silly addNameRange     '0.17.0',
106 silly addNameRange     '0.18.0',
106 silly addNameRange     '0.19.0',
106 silly addNameRange     '0.20.0',
106 silly addNameRange     '0.20.1',
106 silly addNameRange     '0.20.2',
106 silly addNameRange     '0.20.3',
106 silly addNameRange     '0.21.0',
106 silly addNameRange     '0.22.0',
106 silly addNameRange     '0.22.1',
106 silly addNameRange     '0.23.0',
106 silly addNameRange     '0.24.0',
106 silly addNameRange     '0.25.0',
106 silly addNameRange     '0.26.0',
106 silly addNameRange     '0.26.1',
106 silly addNameRange     '0.26.2',
106 silly addNameRange     '0.26.3',
106 silly addNameRange     '0.27.0',
106 silly addNameRange     '0.27.1',
106 silly addNameRange     '0.27.2',
106 silly addNameRange     '0.27.3',
106 silly addNameRange     '0.27.4',
106 silly addNameRange     '0.27.5',
106 silly addNameRange     '0.27.6',
106 silly addNameRange     '0.27.7',
106 silly addNameRange     '0.28.0',
106 silly addNameRange     '0.28.1',
106 silly addNameRange     '0.28.2',
106 silly addNameRange     '0.29.0',
106 silly addNameRange     '0.30.0',
106 silly addNameRange     '0.31.0',
106 silly addNameRange     '0.31.1',
106 silly addNameRange     '0.31.2',
106 silly addNameRange     '0.32.0',
106 silly addNameRange     '0.33.0',
106 silly addNameRange     '0.34.0',
106 silly addNameRange     '0.34.1',
106 silly addNameRange     '0.35.0',
106 silly addNameRange     '1.0.0',
106 silly addNameRange     '1.0.1',
106 silly addNameRange     '1.0.2',
106 silly addNameRange     '1.1.0',
106 silly addNameRange     '1.1.1',
106 silly addNameRange     '1.1.2',
106 silly addNameRange     '1.1.3',
106 silly addNameRange     '1.1.4',
106 silly addNameRange     '1.1.5',
106 silly addNameRange     '1.2.0',
106 silly addNameRange     '1.3.0',
106 silly addNameRange     '1.3.1',
106 silly addNameRange     '1.4.0',
106 silly addNameRange     '1.4.1',
106 silly addNameRange     '1.4.2',
106 silly addNameRange     '1.5.0',
106 silly addNameRange     '1.6.0',
106 silly addNameRange     '1.7.0',
106 silly addNameRange     '1.8.0',
106 silly addNameRange     '1.8.1',
106 silly addNameRange     '1.8.2',
106 silly addNameRange     '1.9.0',
106 silly addNameRange     '1.9.1',
106 silly addNameRange     '1.9.2',
106 silly addNameRange     '1.10.0',
106 silly addNameRange     '1.11.0' ] ]
107 verbose addNamed [ 'jade', '0.31.2' ]
108 verbose addNamed [ '0.31.2', '0.31.2' ]
109 silly lockFile 74023255-jade-0-31-2 jade@0.31.2
110 verbose lock jade@0.31.2 /home/christos/.npm/74023255-jade-0-31-2.lock
111 verbose addRemoteTarball [ 'https://registry.npmjs.org/ejs/-/ejs-2.3.4.tgz',
111 verbose addRemoteTarball   '3c76caa09664b3583b0037af9dc136e79ec68b98' ]
112 silly lockFile dc5b8fe7-g-socket-io-socket-io-0-9-17-tgz https://registry.npmjs.org/socket.io/-/socket.io-0.9.17.tgz
113 verbose lock https://registry.npmjs.org/socket.io/-/socket.io-0.9.17.tgz /home/christos/.npm/dc5b8fe7-g-socket-io-socket-io-0-9-17-tgz.lock
114 silly lockFile 14c85943-y-npmjs-org-jade-jade-0-31-2-tgz https://registry.npmjs.org/jade/-/jade-0.31.2.tgz
115 verbose lock https://registry.npmjs.org/jade/-/jade-0.31.2.tgz /home/christos/.npm/14c85943-y-npmjs-org-jade-jade-0-31-2-tgz.lock
116 verbose addRemoteTarball [ 'https://registry.npmjs.org/socket.io/-/socket.io-0.9.17.tgz',
116 verbose addRemoteTarball   'ca389268fb2cd5df4b59218490a08c907581c9ec' ]
117 verbose addRemoteTarball [ 'https://registry.npmjs.org/jade/-/jade-0.31.2.tgz',
117 verbose addRemoteTarball   'cdc8ad8120a8bc58ee8cd975e19fdc5552f8492a' ]
118 silly addNameRange number 2 { name: 'express', range: '>=3.2.6-0 <3.3.0-0', hasData: true }
119 silly addNameRange versions [ 'express',
119 silly addNameRange   [ '0.14.0',
119 silly addNameRange     '0.14.1',
119 silly addNameRange     '1.0.0',
119 silly addNameRange     '1.0.1',
119 silly addNameRange     '1.0.2',
119 silly addNameRange     '1.0.3',
119 silly addNameRange     '1.0.4',
119 silly addNameRange     '1.0.5',
119 silly addNameRange     '1.0.6',
119 silly addNameRange     '1.0.7',
119 silly addNameRange     '1.0.8',
119 silly addNameRange     '2.0.0',
119 silly addNameRange     '2.1.0',
119 silly addNameRange     '2.1.1',
119 silly addNameRange     '2.2.0',
119 silly addNameRange     '2.2.1',
119 silly addNameRange     '2.2.2',
119 silly addNameRange     '2.3.0',
119 silly addNameRange     '2.3.1',
119 silly addNameRange     '2.3.2',
119 silly addNameRange     '2.3.3',
119 silly addNameRange     '2.3.4',
119 silly addNameRange     '2.3.5',
119 silly addNameRange     '2.3.6',
119 silly addNameRange     '2.3.7',
119 silly addNameRange     '2.3.8',
119 silly addNameRange     '2.3.9',
119 silly addNameRange     '2.3.10',
119 silly addNameRange     '2.3.11',
119 silly addNameRange     '2.3.12',
119 silly addNameRange     '2.4.0',
119 silly addNameRange     '2.4.1',
119 silly addNameRange     '2.4.2',
119 silly addNameRange     '2.4.3',
119 silly addNameRange     '2.4.4',
119 silly addNameRange     '2.4.5',
119 silly addNameRange     '2.4.6',
119 silly addNameRange     '2.4.7',
119 silly addNameRange     '2.5.0',
119 silly addNameRange     '2.5.1',
119 silly addNameRange     '2.5.2',
119 silly addNameRange     '2.5.3',
119 silly addNameRange     '2.5.4',
119 silly addNameRange     '2.5.5',
119 silly addNameRange     '2.5.6',
119 silly addNameRange     '2.5.7',
119 silly addNameRange     '2.5.8',
119 silly addNameRange     '2.5.9',
119 silly addNameRange     '2.5.10',
119 silly addNameRange     '2.5.11',
119 silly addNameRange     '3.0.0',
119 silly addNameRange     '3.0.1',
119 silly addNameRange     '3.0.2',
119 silly addNameRange     '3.0.3',
119 silly addNameRange     '3.0.4',
119 silly addNameRange     '3.0.5',
119 silly addNameRange     '3.0.6',
119 silly addNameRange     '3.1.0',
119 silly addNameRange     '3.1.1',
119 silly addNameRange     '3.1.2',
119 silly addNameRange     '3.2.0',
119 silly addNameRange     '3.2.1',
119 silly addNameRange     '3.2.2',
119 silly addNameRange     '3.2.3',
119 silly addNameRange     '3.2.4',
119 silly addNameRange     '3.2.5',
119 silly addNameRange     '3.2.6',
119 silly addNameRange     '3.3.0',
119 silly addNameRange     '3.3.1',
119 silly addNameRange     '3.3.2',
119 silly addNameRange     '3.3.3',
119 silly addNameRange     '3.3.4',
119 silly addNameRange     '3.3.5',
119 silly addNameRange     '3.3.6',
119 silly addNameRange     '1.0.0-beta',
119 silly addNameRange     '1.0.0-beta2',
119 silly addNameRange     '1.0.0-rc',
119 silly addNameRange     '1.0.0-rc2',
119 silly addNameRange     '1.0.0-rc3',
119 silly addNameRange     '1.0.0-rc4',
119 silly addNameRange     '2.0.0-beta',
119 silly addNameRange     '2.0.0-beta2',
119 silly addNameRange     '2.0.0-beta3',
119 silly addNameRange     '2.0.0-rc',
119 silly addNameRange     '2.0.0-rc2',
119 silly addNameRange     '2.0.0-rc3',
119 silly addNameRange     '3.0.0-alpha1',
119 silly addNameRange     '3.0.0-alpha2',
119 silly addNameRange     '3.0.0-alpha3',
119 silly addNameRange     '3.0.0-alpha4',
119 silly addNameRange     '3.0.0-alpha5',
119 silly addNameRange     '3.0.0-beta1',
119 silly addNameRange     '3.0.0-beta2',
119 silly addNameRange     '3.0.0-beta3',
119 silly addNameRange     '3.0.0-beta4',
119 silly addNameRange     '3.0.0-beta6',
119 silly addNameRange     '3.0.0-beta7',
119 silly addNameRange     '3.0.0-rc1',
119 silly addNameRange     '3.0.0-rc2',
119 silly addNameRange     '3.0.0-rc3',
119 silly addNameRange     '3.0.0-rc4',
119 silly addNameRange     '3.0.0-rc5',
119 silly addNameRange     '3.3.7',
119 silly addNameRange     '3.3.8',
119 silly addNameRange     '3.4.0',
119 silly addNameRange     '3.4.1',
119 silly addNameRange     '3.4.2',
119 silly addNameRange     '3.4.3',
119 silly addNameRange     '3.4.4',
119 silly addNameRange     '3.4.5',
119 silly addNameRange     '3.4.6',
119 silly addNameRange     '3.4.7',
119 silly addNameRange     '3.4.8',
119 silly addNameRange     '4.0.0-rc1',
119 silly addNameRange     '4.0.0-rc2',
119 silly addNameRange     '3.5.0',
119 silly addNameRange     '4.0.0-rc3',
119 silly addNameRange     '4.0.0-rc4',
119 silly addNameRange     '3.5.1',
119 silly addNameRange     '4.0.0',
119 silly addNameRange     '3.5.2',
119 silly addNameRange     '4.1.0',
119 silly addNameRange     '4.1.1',
119 silly addNameRange     '3.5.3',
119 silly addNameRange     '4.1.2',
119 silly addNameRange     '3.6.0',
119 silly addNameRange     '4.2.0',
119 silly addNameRange     '3.7.0',
119 silly addNameRange     '3.8.0',
119 silly addNameRange     '4.3.0',
119 silly addNameRange     '4.3.1',
119 silly addNameRange     '3.8.1',
119 silly addNameRange     '4.3.2',
119 silly addNameRange     '3.9.0',
119 silly addNameRange     '4.4.0',
119 silly addNameRange     '4.4.1',
119 silly addNameRange     '3.10.0',
119 silly addNameRange     '3.10.1',
119 silly addNameRange     '3.10.2',
119 silly addNameRange     '3.10.3',
119 silly addNameRange     '3.10.4',
119 silly addNameRange     '4.4.2',
119 silly addNameRange     '3.10.5',
119 silly addNameRange     '4.4.3',
119 silly addNameRange     '3.11.0',
119 silly addNameRange     '4.4.4',
119 silly addNameRange     '3.12.0',
119 silly addNameRange     '3.12.1',
119 silly addNameRange     '4.4.5',
119 silly addNameRange     '3.13.0',
119 silly addNameRange     '4.5.0',
119 silly addNameRange     '4.5.1',
119 silly addNameRange     '3.14.0',
119 silly addNameRange     '4.6.0',
119 silly addNameRange     '4.6.1',
119 silly addNameRange     '3.15.0',
119 silly addNameRange     '4.7.0',
119 silly addNameRange     '3.15.1',
119 silly addNameRange     '4.7.1',
119 silly addNameRange     '3.15.2',
119 silly addNameRange     '4.7.2',
119 silly addNameRange     '4.7.3',
119 silly addNameRange     '3.15.3',
119 silly addNameRange     '4.7.4',
119 silly addNameRange     '3.16.0',
119 silly addNameRange     '4.8.0',
119 silly addNameRange     '3.16.1',
119 silly addNameRange     '4.8.1',
119 silly addNameRange     '3.16.2',
119 silly addNameRange     '4.8.2',
119 silly addNameRange     '3.16.3',
119 silly addNameRange     '3.16.4',
119 silly addNameRange     '4.8.3',
119 silly addNameRange     '3.16.5',
119 silly addNameRange     '3.16.6',
119 silly addNameRange     '4.8.4',
119 silly addNameRange     '3.16.7',
119 silly addNameRange     '4.8.5',
119 silly addNameRange     '3.16.8',
119 silly addNameRange     '4.8.6',
119 silly addNameRange     '3.16.9',
119 silly addNameRange     '4.8.7',
119 silly addNameRange     '3.16.10',
119 silly addNameRange     '4.8.8',
119 silly addNameRange     '3.17.0',
119 silly addNameRange     '3.17.1',
119 silly addNameRange     '4.9.0',
119 silly addNameRange     '3.17.2',
119 silly addNameRange     '4.9.1',
119 silly addNameRange     '4.9.2',
119 silly addNameRange     '3.17.3',
119 silly addNameRange     '4.9.3',
119 silly addNameRange     '3.17.4',
119 silly addNameRange     '4.9.4',
119 silly addNameRange     '3.17.5',
119 silly addNameRange     '4.9.5',
119 silly addNameRange     '3.17.6',
119 silly addNameRange     '3.17.7',
119 silly addNameRange     '4.9.6',
119 silly addNameRange     '4.9.7',
119 silly addNameRange     '3.17.8',
119 silly addNameRange     '4.9.8',
119 silly addNameRange     '3.18.0',
119 silly addNameRange     '3.18.1',
119 silly addNameRange     '4.10.0',
119 silly addNameRange     '3.18.2',
119 silly addNameRange     '4.10.1',
119 silly addNameRange     '5.0.0-alpha.1',
119 silly addNameRange     '3.18.3',
119 silly addNameRange     '4.10.2',
119 silly addNameRange     '3.18.4',
119 silly addNameRange     '4.10.3',
119 silly addNameRange     '4.10.4',
119 silly addNameRange     '4.10.5',
119 silly addNameRange     '3.18.5',
119 silly addNameRange     '3.18.6',
119 silly addNameRange     '4.10.6',
119 silly addNameRange     '4.10.7',
119 silly addNameRange     '3.19.0',
119 silly addNameRange     '4.10.8',
119 silly addNameRange     '4.11.0',
119 silly addNameRange     '3.19.1',
119 silly addNameRange     '4.11.1',
119 silly addNameRange     '3.19.2',
119 silly addNameRange     '4.11.2',
119 silly addNameRange     '3.20.0',
119 silly addNameRange     '4.12.0',
119 silly addNameRange     '3.20.1',
119 silly addNameRange     '4.12.1',
119 silly addNameRange     '4.12.2',
119 silly addNameRange     '3.20.2',
119 silly addNameRange     '4.12.3',
119 silly addNameRange     '3.20.3',
119 silly addNameRange     '4.12.4',
119 silly addNameRange     '3.21.0',
119 silly addNameRange     '4.13.0',
119 silly addNameRange     '3.21.1',
119 silly addNameRange     '4.13.1',
119 silly addNameRange     '5.0.0-alpha.2',
119 silly addNameRange     '3.21.2',
119 silly addNameRange     '4.13.2',
119 silly addNameRange     '4.13.3' ] ]
120 verbose addNamed [ 'express', '3.2.6' ]
121 verbose addNamed [ '3.2.6', '3.2.6' ]
122 silly lockFile fdae4232-express-3-2-6 express@3.2.6
123 verbose lock express@3.2.6 /home/christos/.npm/fdae4232-express-3-2-6.lock
124 silly lockFile 8480e2cd-js-org-express-express-3-2-6-tgz https://registry.npmjs.org/express/-/express-3.2.6.tgz
125 verbose lock https://registry.npmjs.org/express/-/express-3.2.6.tgz /home/christos/.npm/8480e2cd-js-org-express-express-3-2-6-tgz.lock
126 info retry fetch attempt 1 at 21:06:05
127 verbose fetch to= /tmp/npm-27882-Ig-2zhmP/registry.npmjs.org/jade/-/jade-0.31.2.tgz
128 info retry fetch attempt 1 at 21:06:05
129 verbose fetch to= /tmp/npm-27882-Ig-2zhmP/registry.npmjs.org/ejs/-/ejs-2.3.4.tgz
130 verbose addRemoteTarball [ 'https://registry.npmjs.org/express/-/express-3.2.6.tgz',
130 verbose addRemoteTarball   'd8a9fe065adc23c5b41ec2c689c672b261430ffc' ]
131 http GET https://registry.npmjs.org/jade/-/jade-0.31.2.tgz
132 http GET https://registry.npmjs.org/ejs/-/ejs-2.3.4.tgz
133 info retry fetch attempt 1 at 21:06:05
134 verbose fetch to= /tmp/npm-27882-Ig-2zhmP/registry.npmjs.org/socket.io/-/socket.io-0.9.17.tgz
135 http GET https://registry.npmjs.org/socket.io/-/socket.io-0.9.17.tgz
136 info retry fetch attempt 1 at 21:06:05
137 verbose fetch to= /tmp/npm-27882-Ig-2zhmP/registry.npmjs.org/express/-/express-3.2.6.tgz
138 http GET https://registry.npmjs.org/express/-/express-3.2.6.tgz
139 http 200 https://registry.npmjs.org/ejs/-/ejs-2.3.4.tgz
140 http 200 https://registry.npmjs.org/jade/-/jade-0.31.2.tgz
141 http 200 https://registry.npmjs.org/socket.io/-/socket.io-0.9.17.tgz
142 http 200 https://registry.npmjs.org/express/-/express-3.2.6.tgz
143 silly lockFile 3c500350-stry-npmjs-org-ejs-ejs-2-3-4-tgz https://registry.npmjs.org/ejs/-/ejs-2.3.4.tgz
144 silly lockFile 3c500350-stry-npmjs-org-ejs-ejs-2-3-4-tgz https://registry.npmjs.org/ejs/-/ejs-2.3.4.tgz
145 silly lockFile 7d57aeaf-ejs-2-3-4 ejs@2.3.4
146 silly lockFile 7d57aeaf-ejs-2-3-4 ejs@2.3.4
147 silly lockFile 3bc190c9-ejs-2-3-4 ejs@^2.3.4
148 silly lockFile 3bc190c9-ejs-2-3-4 ejs@^2.3.4
149 silly lockFile 8480e2cd-js-org-express-express-3-2-6-tgz https://registry.npmjs.org/express/-/express-3.2.6.tgz
150 silly lockFile 8480e2cd-js-org-express-express-3-2-6-tgz https://registry.npmjs.org/express/-/express-3.2.6.tgz
151 silly lockFile fdae4232-express-3-2-6 express@3.2.6
152 silly lockFile fdae4232-express-3-2-6 express@3.2.6
153 silly lockFile 14c85943-y-npmjs-org-jade-jade-0-31-2-tgz https://registry.npmjs.org/jade/-/jade-0.31.2.tgz
154 silly lockFile 14c85943-y-npmjs-org-jade-jade-0-31-2-tgz https://registry.npmjs.org/jade/-/jade-0.31.2.tgz
155 silly lockFile 0b14f64a-express-3-2-6 express@~3.2.6
156 silly lockFile 0b14f64a-express-3-2-6 express@~3.2.6
157 silly lockFile 74023255-jade-0-31-2 jade@0.31.2
158 silly lockFile 74023255-jade-0-31-2 jade@0.31.2
159 silly lockFile 950216ff-jade-0-31-2 jade@~0.31.2
160 silly lockFile 950216ff-jade-0-31-2 jade@~0.31.2
161 silly lockFile dc5b8fe7-g-socket-io-socket-io-0-9-17-tgz https://registry.npmjs.org/socket.io/-/socket.io-0.9.17.tgz
162 silly lockFile dc5b8fe7-g-socket-io-socket-io-0-9-17-tgz https://registry.npmjs.org/socket.io/-/socket.io-0.9.17.tgz
163 silly lockFile 1593240a-socket-io-0-9-17 socket.io@0.9.17
164 silly lockFile 1593240a-socket-io-0-9-17 socket.io@0.9.17
165 silly lockFile 673bedd6-socket-io-0-9-16 socket.io@~0.9.16
166 silly lockFile 673bedd6-socket-io-0-9-16 socket.io@~0.9.16
167 error Error: EACCES, mkdir '/home/christos/.npm/express/3.2.6'
167 error     at Error (native)
167 error  { [Error: EACCES, mkdir '/home/christos/.npm/express/3.2.6']
167 error   stack: 'Error: EACCES, mkdir \'/home/christos/.npm/express/3.2.6\'\n    at Error (native)',
167 error   errno: -13,
167 error   code: 'EACCES',
167 error   path: '/home/christos/.npm/express/3.2.6',
167 error   parent: 'application-name' }
168 error Please try running this command again as root/Administrator.
169 error System Linux 3.18.0-ctx.patch
170 error command "/usr/local/bin/node" "/usr/local/bin/npm" "install"
171 error cwd /home/christos/CodeForGood/team-21
172 error node -v v0.13.0-pre
173 error npm -v 1.4.28
174 error path /home/christos/.npm/express/3.2.6
175 error code EACCES
176 error errno -13
177 error stack Error: EACCES, mkdir '/home/christos/.npm/express/3.2.6'
177 error stack     at Error (native)
178 verbose exit [ -13, true ]
